Arguments: 
  C:\Program Files\nodejs\node.exe C:\Program Files (x86)\Yarn\bin\yarn.js lint:fix

PATH: 
  O:\Projects\SF\toolkit\node_modules\.bin;C:\ProgramData\DockerDesktop\version-bin;C:\Program Files\Docker\Docker\Resources\bin;C:\Program Files (x86)\Common Files\Oracle\Java\javapath;C:\WINDOWS\system32;C:\WINDOWS;C:\WINDOWS\System32\Wbem;C:\WINDOWS\System32\WindowsPowerShell\v1.0\;C:\Program Files\Git\cmd;C:\WINDOWS\System32\OpenSSH\;C:\Program Files (x86)\NVIDIA Corporation\PhysX\Common;C:\Users\TubeCat\AppData\Roaming\nvm;C:\Program Files\nodejs;C:\Program Files (x86)\Yarn\bin\;C:\WINDOWS\system32;C:\WINDOWS;C:\WINDOWS\System32\Wbem;C:\WINDOWS\System32\WindowsPowerShell\v1.0\;C:\WINDOWS\System32\OpenSSH\;C:\Program Files\PuTTY\;C:\Users\TubeCat\AppData\Local\Microsoft\WindowsApps;C:\Users\TubeCat\AppData\Roaming\nvm;C:\Program Files\nodejs;C:\Users\TubeCat\AppData\Local\Yarn\bin;%USERPROFILE%\AppData\Local\Microsoft\WindowsApps;

Yarn version: 
  1.16.0

Node version: 
  12.16.1

Platform: 
  win32 x64

Trace: 
  SyntaxError: O:\Projects\SF\toolkit\packages\core\package.json: Unexpected token } in JSON at position 804
      at JSON.parse (<anonymous>)
      at C:\Program Files (x86)\Yarn\lib\cli.js:1625:59
      at Generator.next (<anonymous>)
      at step (C:\Program Files (x86)\Yarn\lib\cli.js:304:30)
      at C:\Program Files (x86)\Yarn\lib\cli.js:315:13

npm manifest: 
  {
    "name": "@spiral-toolkit/core",
    "version": "0.3.7",
    "description": "Spiral Scout Frontend Framework",
    "main": "dist/core.js",
    "types": "dist/index.d.ts",
    "repository": "https://github.com/spiral/toolkit/tree/master/packages/core",
    "scripts": {
      "prebuild": "npm run clean",
      "build": "npm run test && npm run build:prod",
      "build:prod": "cross-env NODE_ENV=production webpack",
      "build:dev": "cross-env NODE_ENV=development webpack",
      "watch": "cross-env NODE_ENV=development webpack --watch",
      "clean": "rimraf /resources/index.js",
      "prepublish": "npm run build",
      "clean-after-deploy": "rimraf node_modules/",
      "lint": "yarn lint:js",
      "lint:fix": "eslint \"src/**/*.js\" \"src/**/*.ts\" --fix",
      "lint:js": "eslint \"src/**/*.js\" \"src/**/*.ts\"",
    },
    "author": {
      "name": "Spiral Scout",
      "email": "info@spiralscout.com",
      "url": "http://spiralscout.com"
    },
    "contributors": [
      {
        "name": "Andrey Logunov",
        "email": "systerr@gmail.com",
        "url": "http://spiralscout.com"
      },
      {
        "name": "Alex Chepura",
        "email": "a.chepura@gmail.com",
        "url": "http://spiralscout.com"
      },
      {
        "name": "Anna Selezniova",
        "email": "ask.dev@gmail.com",
        "url": "http://spiralscout.com"
      }
    ],
    "license": "MIT",
    "bugs": {
      "url": "https://github.com/spiral/toolkit/issues"
    },
    "homepage": "https://github.com/spiral/toolkit#readme",
    "devDependencies": {},
    "dependencies": {
      "axios": "^0.19.0"
    }
  }

yarn manifest: 
  No manifest

Lockfile: 
  No lockfile
